<?xml version="1.0" encoding="UTF-8"?>
<testsuite xmlns:xsi="http://www.w3.org/2001/XMLSchema-instance" xsi:noNamespaceSchemaLocation="https://maven.apache.org/surefire/maven-surefire-plugin/xsd/surefire-test-report-3.0.xsd" version="3.0" name="eb_services.TriviaAPIWithCategoryTest" time="6.637" tests="1" errors="0" skipped="0" failures="0">
  <properties>
[...]
</properties>
  <testcase name="testGetQuestionsWithCategory" classname="eb_services.TriviaAPIWithCategoryTest" time="6.6">
    <system-out><![CDATA[Generated URI: https://opentdb.com/api.php?amount=5&category=21&difficulty=easy&type=boolean
Response JSON: eb_erwtisidb.ErwtisiResult@208e9ef6
Fetched Questions: [Erwtisi {keimeno='There are a total of 20 races in Formula One 2016 season.', kathgoria='Sports', diskolia='easy', tupos='boolean', swsthApanthsh='False', lanthasmenesApanthseis=[True]}, Erwtisi {keimeno='Roger Federer is a famous soccer player.', kathgoria='Sports', diskolia='easy', tupos='boolean', swsthApanthsh='False', lanthasmenesApanthseis=[True]}, Erwtisi {keimeno='Peyton Manning retired after winning Super Bowl XLIX.', kathgoria='Sports', diskolia='easy', tupos='boolean', swsthApanthsh='False', lanthasmenesApanthseis=[True]}, Erwtisi {keimeno='In Rugby League, performing a "40-20" is punished by a free kick for the opposing team.', kathgoria='Sports', diskolia='easy', tupos='boolean', swsthApanthsh='False', lanthasmenesApanthseis=[True]}, Erwtisi {keimeno='In association football, or soccer, a corner kick is when the game restarts after someone scores a goal.', kathgoria='Sports', diskolia='easy', tupos='boolean', swsthApanthsh='False', lanthasmenesApanthseis=[True]}]
Ερώτηση: There are a total of 20 races in Formula One 2016 season. - Κατηγορία: Sports
Ερώτηση: Roger Federer is a famous soccer player. - Κατηγορία: Sports
Ερώτηση: Peyton Manning retired after winning Super Bowl XLIX. - Κατηγορία: Sports
Ερώτηση: In Rugby League, performing a "40-20" is punished by a free kick for the opposing team. - Κατηγορία: Sports
Ερώτηση: In association football, or soccer, a corner kick is when the game restarts after someone scores a goal. - Κατηγορία: Sports
]]></system-out>
  </testcase>
</testsuite>
